#
# There is insufficient memory for the Java Runtime Environment to continue.
# Native memory allocation (malloc) failed to allocate 1048576 bytes for AllocateHeap
# Possible reasons:
#   The system is out of physical RAM or swap space
#   In 32 bit mode, the process size limit was hit
# Possible solutions:
#   Reduce memory load on the system
#   Increase physical memory or swap space
#   Check if swap backing store is full
#   Use 64 bit Java on a 64 bit OS
#   Decrease Java heap size (-Xmx/-Xms)
#   Decrease number of Java threads
#   Decrease Java thread stack sizes (-Xss)
#   Set larger code cache with -XX:ReservedCodeCacheSize=
# This output file may be truncated or incomplete.
#
#  Out of Memory Error (memory/allocation.inline.hpp:61), pid=2040, tid=0x0000000000000b28
#
# JRE version:  (8.0_121-b13) (build )
# Java VM: Java HotSpot(TM) 64-Bit Server VM (25.121-b13 mixed mode windows-amd64 compressed oops)
# Failed to write core dump. Minidumps are not enabled by default on client versions of Windows
#

---------------  T H R E A D  ---------------

Current thread (0x0000000002960800):  JavaThread "Unknown thread" [_thread_in_vm, id=2856, stack(0x00000000027b0000,0x00000000028b0000)]

Stack: [0x00000000027b0000,0x00000000028b0000]
[error occurred during error reporting (printing stack bounds), id 0xc0000005]

Native frames: (J=compiled Java code, j=interpreted, Vv=VM code, C=native code)


---------------  P R O C E S S  ---------------

Java Threads: ( => current thread )

Other Threads:

=>0x0000000002960800 (exited) JavaThread "Unknown thread" [_thread_in_vm, id=2856, stack(0x00000000027b0000,0x00000000028b0000)]

VM state:not at safepoint (normal execution)

VM Mutex/Monitor currently owned by a thread: None

Heap:
 PSYoungGen      total 18432K, used 317K [0x00000000ebb80000, 0x00000000ed000000, 0x0000000100000000)
  eden space 15872K, 2% used [0x00000000ebb80000,0x00000000ebbcf5d0,0x00000000ecb00000)
  from space 2560K, 0% used [0x00000000ecd80000,0x00000000ecd80000,0x00000000ed000000)
  to   space 2560K, 0% used [0x00000000ecb00000,0x00000000ecb00000,0x00000000ecd80000)
 ParOldGen       total 42496K, used 0K [0x00000000c3200000, 0x00000000c5b80000, 0x00000000ebb80000)
  object space 42496K, 0% used [0x00000000c3200000,0x00000000c3200000,0x00000000c5b80000)
 Metaspace       used 783K, capacity 1092K, committed 1152K, reserved 1060864K
  class space    used 75K, capacity 384K, committed 384K, reserved 1048576K

Card table byte_map: [0x0000000011e20000,0x0000000012010000] byte_map_base: 0x0000000011807000

Marking Bits: (ParMarkBitMap*) 0x00000000726cb6d0
 Begin Bits: [0x0000000012560000, 0x0000000013498000)
 End Bits:   [0x0000000013498000, 0x00000000143d0000)

Polling page: 0x00000000026e0000

CodeCache: size=245760Kb used=327Kb max_used=327Kb free=245432Kb
 bounds [0x0000000002a60000, 0x0000000002cd0000, 0x0000000011a60000]
 total_blobs=57 nmethods=0 adapters=38
 compilation: enabled

Compilation events (0 events):
No events

GC Heap History (0 events):
No events

Deoptimization events (0 events):
No events

Internal exceptions (0 events):
No events

Events (10 events):
Event: 0.028 loading class java/lang/Short
Event: 0.028 loading class java/lang/Short done
Event: 0.028 loading class java/lang/Integer
Event: 0.028 loading class java/lang/Integer done
Event: 0.028 loading class java/lang/Long
Event: 0.029 loading class java/lang/Long done
Event: 0.030 loading class java/lang/NullPointerException
Event: 0.030 loading class java/lang/NullPointerException done
Event: 0.030 loading class java/lang/ArithmeticException
Event: 0.030 loading class java/lang/ArithmeticException done


Dynamic libraries:
0x00007ff678800000 - 0x00007ff678837000 	C:\Program Files\Java\jdk1.8.0_121\bin\java.exe
0x00007ffc8dd60000 - 0x00007ffc8df31000 	C:\WINDOWS\SYSTEM32\ntdll.dll
0x00007ffc8bb50000 - 0x00007ffc8bbfc000 	C:\WINDOWS\System32\KERNEL32.DLL
0x00007ffc7fb40000 - 0x00007ffc7fb73000 	C:\Program Files\AVAST Software\Avast\x64\aswhooka.dll
0x00007ffc8ad10000 - 0x00007ffc8af2d000 	C:\WINDOWS\System32\KERNELBASE.dll
0x00007ffc8be10000 - 0x00007ffc8beb2000 	C:\WINDOWS\System32\ADVAPI32.dll
0x00007ffc8b820000 - 0x00007ffc8b8be000 	C:\WINDOWS\System32\msvcrt.dll
0x00007ffc8c190000 - 0x00007ffc8c1e9000 	C:\WINDOWS\System32\sechost.dll
0x00007ffc8b8c0000 - 0x00007ffc8b9e1000 	C:\WINDOWS\System32\RPCRT4.dll
0x00007ffc8bc00000 - 0x00007ffc8bd65000 	C:\WINDOWS\System32\USER32.dll
0x00007ffc8af30000 - 0x00007ffc8af4e000 	C:\WINDOWS\System32\win32u.dll
0x00007ffc8db20000 - 0x00007ffc8db54000 	C:\WINDOWS\System32\GDI32.dll
0x00007ffc8b0b0000 - 0x00007ffc8b232000 	C:\WINDOWS\System32\gdi32full.dll
0x00007ffc7fdd0000 - 0x00007ffc8004a000 	C:\WINDOWS\WinSxS\amd64_microsoft.windows.common-controls_6595b64144ccf1df_6.0.14393.953_none_42151e83c686086b\COMCTL32.dll
0x00007ffc8bec0000 - 0x00007ffc8c188000 	C:\WINDOWS\System32\combase.dll
0x00007ffc8afb0000 - 0x00007ffc8b0a5000 	C:\WINDOWS\System32\ucrtbase.dll
0x00007ffc8aa20000 - 0x00007ffc8aa8a000 	C:\WINDOWS\System32\bcryptPrimitives.dll
0x00007ffc8bde0000 - 0x00007ffc8be0e000 	C:\WINDOWS\System32\IMM32.DLL
0x0000000072750000 - 0x0000000072822000 	C:\Program Files\Java\jdk1.8.0_121\jre\bin\msvcr100.dll
0x0000000071eb0000 - 0x000000007274b000 	C:\Program Files\Java\jdk1.8.0_121\jre\bin\server\jvm.dll
0x00007ffc8d9b0000 - 0x00007ffc8d9b8000 	C:\WINDOWS\System32\PSAPI.DLL
0x00007ffc7e8e0000 - 0x00007ffc7e8e9000 	C:\WINDOWS\SYSTEM32\WSOCK32.dll
0x00007ffc8c1f0000 - 0x00007ffc8c25a000 	C:\WINDOWS\System32\WS2_32.dll
0x00007ffc88650000 - 0x00007ffc88673000 	C:\WINDOWS\SYSTEM32\WINMM.dll
0x00007ffc7e270000 - 0x00007ffc7e27a000 	C:\WINDOWS\SYSTEM32\VERSION.dll
0x00007ffc885f0000 - 0x00007ffc8861b000 	C:\WINDOWS\SYSTEM32\WINMMBASE.dll
0x00007ffc8a9d0000 - 0x00007ffc8aa12000 	C:\WINDOWS\System32\cfgmgr32.dll
0x0000000071ea0000 - 0x0000000071eaf000 	C:\Program Files\Java\jdk1.8.0_121\jre\bin\verify.dll
0x0000000071e70000 - 0x0000000071e99000 	C:\Program Files\Java\jdk1.8.0_121\jre\bin\java.dll
0x0000000071e50000 - 0x0000000071e66000 	C:\Program Files\Java\jdk1.8.0_121\jre\bin\zip.dll

VM Arguments:
jvm_args: -Dfile.encoding=UTF-8 
java_command: penjualankaos.PenjualanKaos
java_class_path (initial): C:\Program Files (x86)\NetBeans 8.0\java\modules\ext\eclipselink\eclipselink.jar;C:\Program Files (x86)\NetBeans 8.0\java\modules\ext\eclipselink\javax.persistence_2.1.0.v201304241213.jar;C:\Program Files (x86)\NetBeans 8.0\java\modules\ext\eclipselink\org.eclipse.persistence.jpa.jpql_2.5.1.v20130918-f2b9fc5.jar;C:\Program Files (x86)\NetBeans 8.0\ide\modules\ext\mysql-connector-java-5.1.23-bin.jar;D:\Kuliah\pbo\2017\PenjualanKaos\build\classes
Launcher Type: SUN_STANDARD

Environment Variables:
PATH=C:\Program Files (x86)\Common Files\Intel\Shared Files\cpp\bin\Intel64;C:\ProgramData\Oracle\Java\javapath;C:\WINDOWS\system32;C:\WINDOWS;C:\WINDOWS\System32\Wbem;C:\WINDOWS\System32\WindowsPowerShell\v1.0\;C:\Program Files\Git\cmd;C:\Program Files (x86)\GtkSharp\2.12\bin;C:\Program Files (x86)\Bitvise SSH Client;C:\Users\Bay Lee\AppData\Local\Microsoft\WindowsApps;
USERNAME=Bay Lee
OS=Windows_NT
PROCESSOR_IDENTIFIER=Intel64 Family 6 Model 37 Stepping 5, GenuineIntel



---------------  S Y S T E M  ---------------

OS: Windows 10.0 , 64 bit Build 14393 (10.0.14393.1198)

CPU:total 4 (2 cores per cpu, 2 threads per core) family 6 model 37 stepping 5, cmov, cx8, fxsr, mmx, sse, sse2, sse3, ssse3, sse4.1, sse4.2, popcnt, ht, tsc, tscinvbit

Memory: 4k page, physical 3987304k(969920k free), swap 6548988k(5164k free)

vm_info: Java HotSpot(TM) 64-Bit Server VM (25.121-b13) for windows-amd64 JRE (1.8.0_121-b13), built on Dec 12 2016 18:21:36 by "java_re" with MS VC++ 10.0 (VS2010)

time: Tue Jun 13 16:45:18 2017
elapsed time: 0 seconds (0d 0h 0m 0s)

